[      68ms] [ERROR] Failed to load resource: the server responded with a status of 500 (Internal Server Error) @ http://localhost:3003/login:0
[     233ms] Error: ENOENT: no such file or directory, open 'C:\Users\김재훈\Desktop\blog_project\.next\server\pages\_document.js'
    at Object.readFileSync (node:fs:439:20)
    at defaultLoadImpl (node:internal/modules/cjs/loader:1139:17)
    at loadSource (node:internal/modules/cjs/loader:1788:20)
    at Object..js (node:internal/modules/cjs/loader:1886:44)
    at Module.load (node:internal/modules/cjs/loader:1481:32)
    at Module._load (node:internal/modules/cjs/loader:1300:12)
    at TracingChannel.traceSync (node:diagnostics_channel:328:14)
    at wrapModuleLoad (node:internal/modules/cjs/loader:245:24)
    at Module.<anonymous> (node:internal/modules/cjs/loader:1504:12)
    at mod.require (file://C:\Users\김재훈\Desktop\blog_project\node_modules\next\dist\server\require-hook.js:68:28)
    at require (node:internal/modules/helpers:152:16)
    at requirePage (file://C:\Users\김재훈\Desktop\blog_project\node_modules\next\dist\server\require.js:99:80)
    at loadComponentsImpl (file://C:\Users\김재훈\Desktop\blog_project\node_modules\next\dist\server\load-components.js:86:38)
    at DevServer.findPageComponentsImpl (file://C:\Users\김재훈\Desktop\blog_project\node_modules\next\dist\server\next-server.js:899:77)
    at <unknown> (file://C:\Users\김재훈\Desktop\blog_project\node_modules\next\dist\server\next-server.js:877:21)
    at <unknown> (file://C:\Users\김재훈\Desktop\blog_project\node_modules\next\dist\server\lib\trace\tracer.js:184:36)
    at NoopContextManager.with (file://C:\Users\김재훈\Desktop\blog_project\node_modules\next\dist\compiled\@opentelemetry\api\index.js:1:7062)
    at ContextAPI.with (file://C:\Users\김재훈\Desktop\blog_project\node_modules\next\dist\compiled\@opentelemetry\api\index.js:1:518)
    at NoopTracer.startActiveSpan (file://C:\Users\김재훈\Desktop\blog_project\node_modules\next\dist\compiled\@opentelemetry\api\index.js:1:18093)
    at ProxyTracer.startActiveSpan (file://C:\Users\김재훈\Desktop\blog_project\node_modules\next\dist\compiled\@opentelemetry\api\index.js:1:18854)
    at <unknown> (file://C:\Users\김재훈\Desktop\blog_project\node_modules\next\dist\server\lib\trace\tracer.js:153:103)
    at NoopContextManager.with (file://C:\Users\김재훈\Desktop\blog_project\node_modules\next\dist\compiled\@opentelemetry\api\index.js:1:7062)
    at ContextAPI.with (file://C:\Users\김재훈\Desktop\blog_project\node_modules\next\dist\compiled\@opentelemetry\api\index.js:1:518)
    at NextTracerImpl.trace (file://C:\Users\김재훈\Desktop\blog_project\node_modules\next\dist\server\lib\trace\tracer.js:153:28)
    at DevServer.findPageComponents (file://C:\Users\김재훈\Desktop\blog_project\node_modules\next\dist\server\next-server.js:872:41)
    at DevServer.findPageComponents (file://C:\Users\김재훈\Desktop\blog_project\node_modules\next\dist\server\dev\next-dev-server.js:706:28)
    at async DevServer.renderErrorToResponseImpl (file://C:\Users\김재훈\Desktop\blog_project\node_modules\next\dist\server\base-server.js:1687:26)
    at async pipe.req.req (file://C:\Users\김재훈\Desktop\blog_project\node_modules\next\dist\server\base-server.js:1610:30)
    at async DevServer.pipeImpl (file://C:\Users\김재훈\Desktop\blog_project\node_modules\next\dist\server\base-server.js:1025:25)
    at async NextNodeServer.handleCatchallRenderRequest (file://C:\Users\김재훈\Desktop\blog_project\node_modules\next\dist\server\next-server.js:408:21)
    at async DevServer.handleRequestImpl (file://C:\Users\김재훈\Desktop\blog_project\node_modules\next\dist\server\base-server.js:916:17)
    at async (file://C:\Users\김재훈\Desktop\blog_project\node_modules\next\dist\server\dev\next-dev-server.js:400:20)
    at async Span.traceAsyncFn (file://C:\Users\김재훈\Desktop\blog_project\node_modules\next\dist\trace\trace.js:157:20)
    at async DevServer.handleRequest (file://C:\Users\김재훈\Desktop\blog_project\node_modules\next\dist\server\dev\next-dev-server.js:396:24)
    at async invokeRender (file://C:\Users\김재훈\Desktop\blog_project\node_modules\next\dist\server\lib\router-server.js:240:21)
    at async handleRequest (file://C:\Users\김재훈\Desktop\blog_project\node_modules\next\dist\server\lib\router-server.js:437:24)
    at async requestHandlerImpl (file://C:\Users\김재훈\Desktop\blog_project\node_modules\next\dist\server\lib\router-server.js:485:13)
    at async Server.requestListener (file://C:\Users\김재훈\Desktop\blog_project\node_modules\next\dist\server\lib\start-server.js:226:13)
[    9260ms] [ERROR] Failed to load resource: the server responded with a status of 500 (Internal Server Error) @ http://localhost:3003/login:0
[    9468ms] Error: ENOENT: no such file or directory, open 'C:\Users\김재훈\Desktop\blog_project\.next\server\pages\_document.js'
    at Object.readFileSync (node:fs:439:20)
    at defaultLoadImpl (node:internal/modules/cjs/loader:1139:17)
    at loadSource (node:internal/modules/cjs/loader:1788:20)
    at Object..js (node:internal/modules/cjs/loader:1886:44)
    at Module.load (node:internal/modules/cjs/loader:1481:32)
    at Module._load (node:internal/modules/cjs/loader:1300:12)
    at TracingChannel.traceSync (node:diagnostics_channel:328:14)
    at wrapModuleLoad (node:internal/modules/cjs/loader:245:24)
    at Module.<anonymous> (node:internal/modules/cjs/loader:1504:12)
    at mod.require (file://C:\Users\김재훈\Desktop\blog_project\node_modules\next\dist\server\require-hook.js:68:28)
    at require (node:internal/modules/helpers:152:16)
    at requirePage (file://C:\Users\김재훈\Desktop\blog_project\node_modules\next\dist\server\require.js:99:80)
    at loadComponentsImpl (file://C:\Users\김재훈\Desktop\blog_project\node_modules\next\dist\server\load-components.js:86:38)
    at DevServer.findPageComponentsImpl (file://C:\Users\김재훈\Desktop\blog_project\node_modules\next\dist\server\next-server.js:899:77)
    at <unknown> (file://C:\Users\김재훈\Desktop\blog_project\node_modules\next\dist\server\next-server.js:877:21)
    at <unknown> (file://C:\Users\김재훈\Desktop\blog_project\node_modules\next\dist\server\lib\trace\tracer.js:184:36)
    at NoopContextManager.with (file://C:\Users\김재훈\Desktop\blog_project\node_modules\next\dist\compiled\@opentelemetry\api\index.js:1:7062)
    at ContextAPI.with (file://C:\Users\김재훈\Desktop\blog_project\node_modules\next\dist\compiled\@opentelemetry\api\index.js:1:518)
    at NoopTracer.startActiveSpan (file://C:\Users\김재훈\Desktop\blog_project\node_modules\next\dist\compiled\@opentelemetry\api\index.js:1:18093)
    at ProxyTracer.startActiveSpan (file://C:\Users\김재훈\Desktop\blog_project\node_modules\next\dist\compiled\@opentelemetry\api\index.js:1:18854)
    at <unknown> (file://C:\Users\김재훈\Desktop\blog_project\node_modules\next\dist\server\lib\trace\tracer.js:153:103)
    at NoopContextManager.with (file://C:\Users\김재훈\Desktop\blog_project\node_modules\next\dist\compiled\@opentelemetry\api\index.js:1:7062)
    at ContextAPI.with (file://C:\Users\김재훈\Desktop\blog_project\node_modules\next\dist\compiled\@opentelemetry\api\index.js:1:518)
    at NextTracerImpl.trace (file://C:\Users\김재훈\Desktop\blog_project\node_modules\next\dist\server\lib\trace\tracer.js:153:28)
    at DevServer.findPageComponents (file://C:\Users\김재훈\Desktop\blog_project\node_modules\next\dist\server\next-server.js:872:41)
    at DevServer.findPageComponents (file://C:\Users\김재훈\Desktop\blog_project\node_modules\next\dist\server\dev\next-dev-server.js:706:28)
    at async DevServer.renderErrorToResponseImpl (file://C:\Users\김재훈\Desktop\blog_project\node_modules\next\dist\server\base-server.js:1687:26)
    at async pipe.req.req (file://C:\Users\김재훈\Desktop\blog_project\node_modules\next\dist\server\base-server.js:1610:30)
    at async DevServer.pipeImpl (file://C:\Users\김재훈\Desktop\blog_project\node_modules\next\dist\server\base-server.js:1025:25)
    at async NextNodeServer.handleCatchallRenderRequest (file://C:\Users\김재훈\Desktop\blog_project\node_modules\next\dist\server\next-server.js:408:21)
    at async DevServer.handleRequestImpl (file://C:\Users\김재훈\Desktop\blog_project\node_modules\next\dist\server\base-server.js:916:17)
    at async (file://C:\Users\김재훈\Desktop\blog_project\node_modules\next\dist\server\dev\next-dev-server.js:400:20)
    at async Span.traceAsyncFn (file://C:\Users\김재훈\Desktop\blog_project\node_modules\next\dist\trace\trace.js:157:20)
    at async DevServer.handleRequest (file://C:\Users\김재훈\Desktop\blog_project\node_modules\next\dist\server\dev\next-dev-server.js:396:24)
    at async invokeRender (file://C:\Users\김재훈\Desktop\blog_project\node_modules\next\dist\server\lib\router-server.js:240:21)
    at async handleRequest (file://C:\Users\김재훈\Desktop\blog_project\node_modules\next\dist\server\lib\router-server.js:437:24)
    at async requestHandlerImpl (file://C:\Users\김재훈\Desktop\blog_project\node_modules\next\dist\server\lib\router-server.js:485:13)
    at async Server.requestListener (file://C:\Users\김재훈\Desktop\blog_project\node_modules\next\dist\server\lib\start-server.js:226:13)
[   37793ms] [ERROR] Failed to load resource: the server responded with a status of 404 (Not Found) @ http://localhost:3003/_next/static/webpack/041e15cacd304a56.webpack.hot-update.json:0
[   37793ms] [WARNING] [Fast Refresh] performing full reload because your application had an unrecoverable error @ webpack-internal:///(pages-dir-browser)/./node_modules/next/dist/client/dev/hot-reloader/pages/hot-reloader-pages.js:347
[   38221ms] [ERROR] Failed to load resource: the server responded with a status of 500 (Internal Server Error) @ http://localhost:3003/login:0
[   38384ms] Error: ENOENT: no such file or directory, open 'C:\Users\김재훈\Desktop\blog_project\.next\server\pages\_document.js'
    at Object.readFileSync (node:fs:439:20)
    at defaultLoadImpl (node:internal/modules/cjs/loader:1139:17)
    at loadSource (node:internal/modules/cjs/loader:1788:20)
    at Object..js (node:internal/modules/cjs/loader:1886:44)
    at Module.load (node:internal/modules/cjs/loader:1481:32)
    at Module._load (node:internal/modules/cjs/loader:1300:12)
    at TracingChannel.traceSync (node:diagnostics_channel:328:14)
    at wrapModuleLoad (node:internal/modules/cjs/loader:245:24)
    at Module.<anonymous> (node:internal/modules/cjs/loader:1504:12)
    at mod.require (file://C:\Users\김재훈\Desktop\blog_project\node_modules\next\dist\server\require-hook.js:68:28)
    at require (node:internal/modules/helpers:152:16)
    at requirePage (file://C:\Users\김재훈\Desktop\blog_project\node_modules\next\dist\server\require.js:99:80)
    at loadComponentsImpl (file://C:\Users\김재훈\Desktop\blog_project\node_modules\next\dist\server\load-components.js:86:38)
    at DevServer.findPageComponentsImpl (file://C:\Users\김재훈\Desktop\blog_project\node_modules\next\dist\server\next-server.js:899:77)
    at <unknown> (file://C:\Users\김재훈\Desktop\blog_project\node_modules\next\dist\server\next-server.js:877:21)
    at <unknown> (file://C:\Users\김재훈\Desktop\blog_project\node_modules\next\dist\server\lib\trace\tracer.js:184:36)
    at NoopContextManager.with (file://C:\Users\김재훈\Desktop\blog_project\node_modules\next\dist\compiled\@opentelemetry\api\index.js:1:7062)
    at ContextAPI.with (file://C:\Users\김재훈\Desktop\blog_project\node_modules\next\dist\compiled\@opentelemetry\api\index.js:1:518)
    at NoopTracer.startActiveSpan (file://C:\Users\김재훈\Desktop\blog_project\node_modules\next\dist\compiled\@opentelemetry\api\index.js:1:18093)
    at ProxyTracer.startActiveSpan (file://C:\Users\김재훈\Desktop\blog_project\node_modules\next\dist\compiled\@opentelemetry\api\index.js:1:18854)
    at <unknown> (file://C:\Users\김재훈\Desktop\blog_project\node_modules\next\dist\server\lib\trace\tracer.js:153:103)
    at NoopContextManager.with (file://C:\Users\김재훈\Desktop\blog_project\node_modules\next\dist\compiled\@opentelemetry\api\index.js:1:7062)
    at ContextAPI.with (file://C:\Users\김재훈\Desktop\blog_project\node_modules\next\dist\compiled\@opentelemetry\api\index.js:1:518)
    at NextTracerImpl.trace (file://C:\Users\김재훈\Desktop\blog_project\node_modules\next\dist\server\lib\trace\tracer.js:153:28)
    at DevServer.findPageComponents (file://C:\Users\김재훈\Desktop\blog_project\node_modules\next\dist\server\next-server.js:872:41)
    at DevServer.findPageComponents (file://C:\Users\김재훈\Desktop\blog_project\node_modules\next\dist\server\dev\next-dev-server.js:706:28)
    at async DevServer.renderErrorToResponseImpl (file://C:\Users\김재훈\Desktop\blog_project\node_modules\next\dist\server\base-server.js:1687:26)
    at async pipe.req.req (file://C:\Users\김재훈\Desktop\blog_project\node_modules\next\dist\server\base-server.js:1610:30)
    at async DevServer.pipeImpl (file://C:\Users\김재훈\Desktop\blog_project\node_modules\next\dist\server\base-server.js:1025:25)
    at async NextNodeServer.handleCatchallRenderRequest (file://C:\Users\김재훈\Desktop\blog_project\node_modules\next\dist\server\next-server.js:408:21)
    at async DevServer.handleRequestImpl (file://C:\Users\김재훈\Desktop\blog_project\node_modules\next\dist\server\base-server.js:916:17)
    at async (file://C:\Users\김재훈\Desktop\blog_project\node_modules\next\dist\server\dev\next-dev-server.js:400:20)
    at async Span.traceAsyncFn (file://C:\Users\김재훈\Desktop\blog_project\node_modules\next\dist\trace\trace.js:157:20)
    at async DevServer.handleRequest (file://C:\Users\김재훈\Desktop\blog_project\node_modules\next\dist\server\dev\next-dev-server.js:396:24)
    at async invokeRender (file://C:\Users\김재훈\Desktop\blog_project\node_modules\next\dist\server\lib\router-server.js:240:21)
    at async handleRequest (file://C:\Users\김재훈\Desktop\blog_project\node_modules\next\dist\server\lib\router-server.js:437:24)
    at async requestHandlerImpl (file://C:\Users\김재훈\Desktop\blog_project\node_modules\next\dist\server\lib\router-server.js:485:13)
    at async Server.requestListener (file://C:\Users\김재훈\Desktop\blog_project\node_modules\next\dist\server\lib\start-server.js:226:13)
[  152970ms] [ERROR] Failed to load resource: the server responded with a status of 404 (Not Found) @ http://localhost:3003/_next/static/webpack/041e15cacd304a56.webpack.hot-update.json:0
[  152970ms] [WARNING] [Fast Refresh] performing full reload because your application had an unrecoverable error @ webpack-internal:///(pages-dir-browser)/./node_modules/next/dist/client/dev/hot-reloader/pages/hot-reloader-pages.js:347
[  153495ms] [ERROR] Failed to load resource: the server responded with a status of 500 (Internal Server Error) @ http://localhost:3003/login:0
