[     628ms] [ERROR] Failed to load resource: the server responded with a status of 404 (Not Found) @ http://localhost:3002/_next/static/css/app/layout.css?v=1771117425326:0
[     630ms] [ERROR] Failed to load resource: the server responded with a status of 404 (Not Found) @ http://localhost:3002/_next/static/chunks/main-app.js?v=1771117425326:0
[     632ms] [ERROR] Failed to load resource: the server responded with a status of 404 (Not Found) @ http://localhost:3002/_next/static/chunks/app-pages-internals.js:0
[  327439ms] [ERROR] Failed to load resource: the server responded with a status of 500 (Internal Server Error) @ http://localhost:3002/login:0
[  327872ms] Error: ENOENT: no such file or directory, open 'C:\Users\김재훈\Desktop\blog_project\.next\server\vendor-chunks\next.js'
    at Object.readFileSync (node:fs:439:20)
    at defaultLoadImpl (node:internal/modules/cjs/loader:1139:17)
    at loadSource (node:internal/modules/cjs/loader:1788:20)
    at Object..js (node:internal/modules/cjs/loader:1886:44)
    at Module.load (node:internal/modules/cjs/loader:1481:32)
    at Module._load (node:internal/modules/cjs/loader:1300:12)
    at TracingChannel.traceSync (node:diagnostics_channel:328:14)
    at wrapModuleLoad (node:internal/modules/cjs/loader:245:24)
    at Module.<anonymous> (node:internal/modules/cjs/loader:1504:12)
    at mod.require (file://C:\Users\김재훈\Desktop\blog_project\node_modules\next\dist\server\require-hook.js:68:28)
    at require (node:internal/modules/helpers:152:16)
    at __webpack_require__.f.require (file://C:\Users\김재훈\Desktop\blog_project\.next\server\webpack-runtime.js:190:28)
    at <unknown> (file://C:\Users\김재훈\Desktop\blog_project\.next\server\webpack-runtime.js:103:40)
    at Array.reduce (<anonymous>)
    at __webpack_require__.e (file://C:\Users\김재훈\Desktop\blog_project\.next\server\webpack-runtime.js:102:67)
    at Array.map (<anonymous>)
    at __webpack_require__.X (file://C:\Users\김재훈\Desktop\blog_project\.next\server\webpack-runtime.js:154:22)
    at <unknown> (file://C:\Users\김재훈\Desktop\blog_project\.next\server\app\(auth)\login\page.js:269:47)
    at Object.<anonymous> (file://C:\Users\김재훈\Desktop\blog_project\.next\server\app\(auth)\login\page.js:272:3)
    at Module._compile (node:internal/modules/cjs/loader:1761:14)
    at Object..js (node:internal/modules/cjs/loader:1893:10)
    at Module.load (node:internal/modules/cjs/loader:1481:32)
    at Module._load (node:internal/modules/cjs/loader:1300:12)
    at TracingChannel.traceSync (node:diagnostics_channel:328:14)
    at wrapModuleLoad (node:internal/modules/cjs/loader:245:24)
    at Module.<anonymous> (node:internal/modules/cjs/loader:1504:12)
    at mod.require (file://C:\Users\김재훈\Desktop\blog_project\node_modules\next\dist\server\require-hook.js:68:28)
    at require (node:internal/modules/helpers:152:16)
    at requirePage (file://C:\Users\김재훈\Desktop\blog_project\node_modules\next\dist\server\require.js:99:80)
    at loadComponentsImpl (file://C:\Users\김재훈\Desktop\blog_project\node_modules\next\dist\server\load-components.js:132:57)
    at async DevServer.findPageComponentsImpl (file://C:\Users\김재훈\Desktop\blog_project\node_modules\next\dist\server\next-server.js:899:36)
    at async DevServer.findPageComponents (file://C:\Users\김재훈\Desktop\blog_project\node_modules\next\dist\server\dev\next-dev-server.js:706:16)
    at async DevServer.renderPageComponent (file://C:\Users\김재훈\Desktop\blog_project\node_modules\next\dist\server\base-server.js:1460:24)
    at async DevServer.renderToResponseImpl (file://C:\Users\김재훈\Desktop\blog_project\node_modules\next\dist\server\base-server.js:1514:32)
    at async DevServer.pipeImpl (file://C:\Users\김재훈\Desktop\blog_project\node_modules\next\dist\server\base-server.js:1025:25)
    at async NextNodeServer.handleCatchallRenderRequest (file://C:\Users\김재훈\Desktop\blog_project\node_modules\next\dist\server\next-server.js:393:17)
    at async DevServer.handleRequestImpl (file://C:\Users\김재훈\Desktop\blog_project\node_modules\next\dist\server\base-server.js:916:17)
    at async (file://C:\Users\김재훈\Desktop\blog_project\node_modules\next\dist\server\dev\next-dev-server.js:400:20)
    at async Span.traceAsyncFn (file://C:\Users\김재훈\Desktop\blog_project\node_modules\next\dist\trace\trace.js:157:20)
    at async DevServer.handleRequest (file://C:\Users\김재훈\Desktop\blog_project\node_modules\next\dist\server\dev\next-dev-server.js:396:24)
    at async invokeRender (file://C:\Users\김재훈\Desktop\blog_project\node_modules\next\dist\server\lib\router-server.js:240:21)
    at async handleRequest (file://C:\Users\김재훈\Desktop\blog_project\node_modules\next\dist\server\lib\router-server.js:437:24)
    at async requestHandlerImpl (file://C:\Users\김재훈\Desktop\blog_project\node_modules\next\dist\server\lib\router-server.js:485:13)
    at async Server.requestListener (file://C:\Users\김재훈\Desktop\blog_project\node_modules\next\dist\server\lib\start-server.js:226:13)
