[    5602ms] [ERROR] Failed to load resource: the server responded with a status of 500 (Internal Server Error) @ http://localhost:3010/generate:0
[    5896ms] Error: Cannot find module './611.js'
Require stack:
- C:\Users\김재훈\Desktop\blog_project\.next\server\webpack-runtime.js
- C:\Users\김재훈\Desktop\blog_project\.next\server\app\page.js
- C:\Users\김재훈\Desktop\blog_project\node_modules\next\dist\server\require.js
- C:\Users\김재훈\Desktop\blog_project\node_modules\next\dist\server\load-components.js
- C:\Users\김재훈\Desktop\blog_project\node_modules\next\dist\build\utils.js
- C:\Users\김재훈\Desktop\blog_project\node_modules\next\dist\build\swc\options.js
- C:\Users\김재훈\Desktop\blog_project\node_modules\next\dist\build\swc\index.js
- C:\Users\김재훈\Desktop\blog_project\node_modules\next\dist\build\next-config-ts\transpile-config.js
- C:\Users\김재훈\Desktop\blog_project\node_modules\next\dist\server\config.js
- C:\Users\김재훈\Desktop\blog_project\node_modules\next\dist\server\next.js
- C:\Users\김재훈\Desktop\blog_project\node_modules\next\dist\server\lib\start-server.js
    at Module.<anonymous> (node:internal/modules/cjs/loader:1421:15)
    at <unknown> (file://C:\Users\김재훈\Desktop\blog_project\node_modules\next\dist\server\require-hook.js:57:36)
    at defaultResolveImpl (node:internal/modules/cjs/loader:1059:19)
    at resolveForCJSWithHooks (node:internal/modules/cjs/loader:1064:22)
    at Module._load (node:internal/modules/cjs/loader:1227:37)
    at TracingChannel.traceSync (node:diagnostics_channel:328:14)
    at wrapModuleLoad (node:internal/modules/cjs/loader:245:24)
    at Module.<anonymous> (node:internal/modules/cjs/loader:1504:12)
    at mod.require (file://C:\Users\김재훈\Desktop\blog_project\node_modules\next\dist\server\require-hook.js:68:28)
    at require (node:internal/modules/helpers:152:16)
    at __webpack_require__.f.require (file://C:\Users\김재훈\Desktop\blog_project\.next\server\webpack-runtime.js:190:28)
    at <unknown> (file://C:\Users\김재훈\Desktop\blog_project\.next\server\webpack-runtime.js:103:40)
    at Array.reduce (<anonymous>)
    at __webpack_require__.e (file://C:\Users\김재훈\Desktop\blog_project\.next\server\webpack-runtime.js:102:67)
    at Array.map (<anonymous>)
    at __webpack_require__.X (file://C:\Users\김재훈\Desktop\blog_project\.next\server\webpack-runtime.js:154:22)
    at <unknown> (file://C:\Users\김재훈\Desktop\blog_project\.next\server\pages\_document.js:1:325)
    at Object.<anonymous> (file://C:\Users\김재훈\Desktop\blog_project\.next\server\pages\_document.js:1:371)
    at Module._compile (node:internal/modules/cjs/loader:1761:14)
    at Object..js (node:internal/modules/cjs/loader:1893:10)
    at Module.load (node:internal/modules/cjs/loader:1481:32)
    at Module._load (node:internal/modules/cjs/loader:1300:12)
    at TracingChannel.traceSync (node:diagnostics_channel:328:14)
    at wrapModuleLoad (node:internal/modules/cjs/loader:245:24)
    at Module.<anonymous> (node:internal/modules/cjs/loader:1504:12)
    at mod.require (file://C:\Users\김재훈\Desktop\blog_project\node_modules\next\dist\server\require-hook.js:68:28)
    at require (node:internal/modules/helpers:152:16)
    at requirePage (file://C:\Users\김재훈\Desktop\blog_project\node_modules\next\dist\server\require.js:99:80)
    at loadComponentsImpl (file://C:\Users\김재훈\Desktop\blog_project\node_modules\next\dist\server\load-components.js:86:38)
    at DevServer.findPageComponentsImpl (file://C:\Users\김재훈\Desktop\blog_project\node_modules\next\dist\server\next-server.js:899:77)
    at <unknown> (file://C:\Users\김재훈\Desktop\blog_project\node_modules\next\dist\server\next-server.js:877:21)
    at <unknown> (file://C:\Users\김재훈\Desktop\blog_project\node_modules\next\dist\server\lib\trace\tracer.js:184:36)
    at NoopContextManager.with (file://C:\Users\김재훈\Desktop\blog_project\node_modules\next\dist\compiled\@opentelemetry\api\index.js:1:7062)
    at ContextAPI.with (file://C:\Users\김재훈\Desktop\blog_project\node_modules\next\dist\compiled\@opentelemetry\api\index.js:1:518)
    at NoopTracer.startActiveSpan (file://C:\Users\김재훈\Desktop\blog_project\node_modules\next\dist\compiled\@opentelemetry\api\index.js:1:18093)
    at ProxyTracer.startActiveSpan (file://C:\Users\김재훈\Desktop\blog_project\node_modules\next\dist\compiled\@opentelemetry\api\index.js:1:18854)
    at <unknown> (file://C:\Users\김재훈\Desktop\blog_project\node_modules\next\dist\server\lib\trace\tracer.js:153:103)
    at NoopContextManager.with (file://C:\Users\김재훈\Desktop\blog_project\node_modules\next\dist\compiled\@opentelemetry\api\index.js:1:7062)
    at ContextAPI.with (file://C:\Users\김재훈\Desktop\blog_project\node_modules\next\dist\compiled\@opentelemetry\api\index.js:1:518)
    at NextTracerImpl.trace (file://C:\Users\김재훈\Desktop\blog_project\node_modules\next\dist\server\lib\trace\tracer.js:153:28)
    at DevServer.findPageComponents (file://C:\Users\김재훈\Desktop\blog_project\node_modules\next\dist\server\next-server.js:872:41)
    at DevServer.findPageComponents (file://C:\Users\김재훈\Desktop\blog_project\node_modules\next\dist\server\dev\next-dev-server.js:706:28)
    at async DevServer.renderErrorToResponseImpl (file://C:\Users\김재훈\Desktop\blog_project\node_modules\next\dist\server\base-server.js:1687:26)
    at async pipe.req.req (file://C:\Users\김재훈\Desktop\blog_project\node_modules\next\dist\server\base-server.js:1610:30)
    at async DevServer.pipeImpl (file://C:\Users\김재훈\Desktop\blog_project\node_modules\next\dist\server\base-server.js:1025:25)
    at async NextNodeServer.handleCatchallRenderRequest (file://C:\Users\김재훈\Desktop\blog_project\node_modules\next\dist\server\next-server.js:408:21)
    at async DevServer.handleRequestImpl (file://C:\Users\김재훈\Desktop\blog_project\node_modules\next\dist\server\base-server.js:916:17)
    at async (file://C:\Users\김재훈\Desktop\blog_project\node_modules\next\dist\server\dev\next-dev-server.js:400:20)
    at async Span.traceAsyncFn (file://C:\Users\김재훈\Desktop\blog_project\node_modules\next\dist\trace\trace.js:157:20)
    at async DevServer.handleRequest (file://C:\Users\김재훈\Desktop\blog_project\node_modules\next\dist\server\dev\next-dev-server.js:396:24)
